# JRE version: OpenJDK Runtime Environment Temurin-21.0.9+10 (21.0.9+10) (build 21.0.9+10-LTS)
# Java VM: OpenJDK 64-Bit Server VM Temurin-21.0.9+10 (21.0.9+10-LTS, mixed mode, sharing, tiered, compressed oops, compressed class ptrs, parallel gc, windows-amd64)
GC Precious Log:
 CardTable entry size: 512
 CPUs: 12 total, 12 available
 Memory: 7381M
 Large Page Support: Disabled
 NUMA Support: Disabled
 Compressed Oops: Enabled (32-bit)
 Alignments: Space 512K, Generation 512K, Heap 2M
 Heap Min Capacity: 100M
 Heap Initial Capacity: 100M
 Heap Max Capacity: 2G
 Pre-touch: Disabled
 Parallel Workers: 10
Heap:
 PSYoungGen      total 14848K, used 11087K [0x00000000d5580000, 0x00000000d6c00000, 0x0000000100000000)
  eden space 12288K, 69% used [0x00000000d5580000,0x00000000d5ddb1c0,0x00000000d6180000)
  from space 2560K, 98% used [0x00000000d6600000,0x00000000d6878db8,0x00000000d6880000)
  to   space 4608K, 0% used [0x00000000d6180000,0x00000000d6180000,0x00000000d6600000)
 ParOldGen       total 108032K, used 108002K [0x0000000080000000, 0x0000000086980000, 0x00000000d5580000)
  object space 108032K, 99% used [0x0000000080000000,0x0000000086978890,0x0000000086980000)
 Metaspace       used 75950K, committed 77504K, reserved 1179648K
  class space    used 8010K, committed 8704K, reserved 1048576K
GC Heap History (20 events):
Event: 1872.210 GC heap before
{Heap before GC invocations=76 (full 3):
 PSYoungGen      total 18432K, used 18413K [0x00000000d5580000, 0x00000000d7500000, 0x0000000100000000)
  eden space 13824K, 100% used [0x00000000d5580000,0x00000000d6300000,0x00000000d6300000)
  from space 4608K, 99% used [0x00000000d6a80000,0x00000000d6efb480,0x00000000d6f00000)
  to   space 7680K, 0% used [0x00000000d6300000,0x00000000d6300000,0x00000000d6a80000)
 ParOldGen       total 98304K, used 98145K [0x0000000080000000, 0x0000000086000000, 0x00000000d5580000)
  object space 98304K, 99% used [0x0000000080000000,0x0000000085fd85e0,0x0000000086000000)
 Metaspace       used 75573K, committed 77120K, reserved 1179648K
  class space    used 7996K, committed 8640K, reserved 1048576K
}
Event: 1872.214 GC heap after
{Heap after GC invocations=76 (full 3):
 PSYoungGen      total 21504K, used 7466K [0x00000000d5580000, 0x00000000d7200000, 0x0000000100000000)
  eden space 13824K, 0% used [0x00000000d5580000,0x00000000d5580000,0x00000000d6300000)
  from space 7680K, 97% used [0x00000000d6300000,0x00000000d6a4a900,0x00000000d6a80000)
  to   space 7680K, 0% used [0x00000000d6a80000,0x00000000d6a80000,0x00000000d7200000)
 ParOldGen       total 98304K, used 98225K [0x0000000080000000, 0x0000000086000000, 0x00000000d5580000)
  object space 98304K, 99% used [0x0000000080000000,0x0000000085fec5e0,0x0000000086000000)
 Metaspace       used 75573K, committed 77120K, reserved 1179648K
  class space    used 7996K, committed 8640K, reserved 1048576K
}
Event: 2020.826 GC heap before
{Heap before GC invocations=77 (full 3):
 PSYoungGen      total 21504K, used 21290K [0x00000000d5580000, 0x00000000d7200000, 0x0000000100000000)
  eden space 13824K, 100% used [0x00000000d5580000,0x00000000d6300000,0x00000000d6300000)
  from space 7680K, 97% used [0x00000000d6300000,0x00000000d6a4a900,0x00000000d6a80000)
  to   space 7680K, 0% used [0x00000000d6a80000,0x00000000d6a80000,0x00000000d7200000)
 ParOldGen       total 98304K, used 98225K [0x0000000080000000, 0x0000000086000000, 0x00000000d5580000)
  object space 98304K, 99% used [0x0000000080000000,0x0000000085fec5e0,0x0000000086000000)
 Metaspace       used 75576K, committed 77120K, reserved 1179648K
  class space    used 7996K, committed 8640K, reserved 1048576K
}
Event: 2020.830 GC heap after
{Heap after GC invocations=77 (full 3):
 PSYoungGen      total 21504K, used 7147K [0x00000000d5580000, 0x00000000d7200000, 0x0000000100000000)
  eden space 13824K, 0% used [0x00000000d5580000,0x00000000d5580000,0x00000000d6300000)
  from space 7680K, 93% used [0x00000000d6a80000,0x00000000d717aec0,0x00000000d7200000)
  to   space 7680K, 0% used [0x00000000d6300000,0x00000000d6300000,0x00000000d6a80000)
 ParOldGen       total 98304K, used 98281K [0x0000000080000000, 0x0000000086000000, 0x00000000d5580000)
  object space 98304K, 99% used [0x0000000080000000,0x0000000085ffa5e0,0x0000000086000000)
 Metaspace       used 75576K, committed 77120K, reserved 1179648K
  class space    used 7996K, committed 8640K, reserved 1048576K
}
Event: 2028.577 GC heap before
{Heap before GC invocations=78 (full 3):
 PSYoungGen      total 21504K, used 20746K [0x00000000d5580000, 0x00000000d7200000, 0x0000000100000000)
  eden space 13824K, 98% used [0x00000000d5580000,0x00000000d62c7be0,0x00000000d6300000)
  from space 7680K, 93% used [0x00000000d6a80000,0x00000000d717aec0,0x00000000d7200000)
  to   space 7680K, 0% used [0x00000000d6300000,0x00000000d6300000,0x00000000d6a80000)
 ParOldGen       total 98304K, used 98281K [0x0000000080000000, 0x0000000086000000, 0x00000000d5580000)
  object space 98304K, 99% used [0x0000000080000000,0x0000000085ffa5e0,0x0000000086000000)
 Metaspace       used 75625K, committed 77120K, reserved 1179648K
  class space    used 7997K, committed 8640K, reserved 1048576K
}
Event: 2028.579 GC heap after
{Heap after GC invocations=78 (full 3):
 PSYoungGen      total 14336K, used 352K [0x00000000d5580000, 0x00000000d6b00000, 0x0000000100000000)
  eden space 13824K, 0% used [0x00000000d5580000,0x00000000d5580000,0x00000000d6300000)
  from space 512K, 68% used [0x00000000d6300000,0x00000000d6358040,0x00000000d6380000)
  to   space 3072K, 0% used [0x00000000d6800000,0x00000000d6800000,0x00000000d6b00000)
 ParOldGen       total 98816K, used 98345K [0x0000000080000000, 0x0000000086080000, 0x00000000d5580000)
  object space 98816K, 99% used [0x0000000080000000,0x000000008600a5e0,0x0000000086080000)
 Metaspace       used 75625K, committed 77120K, reserved 1179648K
  class space    used 7997K, committed 8640K, reserved 1048576K
}
Event: 2028.681 GC heap before
{Heap before GC invocations=79 (full 3):
 PSYoungGen      total 14336K, used 14176K [0x00000000d5580000, 0x00000000d6b00000, 0x0000000100000000)
  eden space 13824K, 100% used [0x00000000d5580000,0x00000000d6300000,0x00000000d6300000)
  from space 512K, 68% used [0x00000000d6300000,0x00000000d6358040,0x00000000d6380000)
  to   space 3072K, 0% used [0x00000000d6800000,0x00000000d6800000,0x00000000d6b00000)
 ParOldGen       total 98816K, used 98345K [0x0000000080000000, 0x0000000086080000, 0x00000000d5580000)
  object space 98816K, 99% used [0x0000000080000000,0x000000008600a5e0,0x0000000086080000)
 Metaspace       used 75634K, committed 77120K, reserved 1179648K
  class space    used 7997K, committed 8640K, reserved 1048576K
}
Event: 2028.686 GC heap after
{Heap after GC invocations=79 (full 3):
 PSYoungGen      total 14848K, used 608K [0x00000000d5580000, 0x00000000d6900000, 0x0000000100000000)
  eden space 13824K, 0% used [0x00000000d5580000,0x00000000d5580000,0x00000000d6300000)
  from space 1024K, 59% used [0x00000000d6800000,0x00000000d6898000,0x00000000d6900000)
  to   space 1024K, 0% used [0x00000000d6700000,0x00000000d6700000,0x00000000d6800000)
 ParOldGen       total 98816K, used 98641K [0x0000000080000000, 0x0000000086080000, 0x00000000d5580000)
  object space 98816K, 99% used [0x0000000080000000,0x0000000086054620,0x0000000086080000)
 Metaspace       used 75634K, committed 77120K, reserved 1179648K
  class space    used 7997K, committed 8640K, reserved 1048576K
}
Event: 2044.497 GC heap before
{Heap before GC invocations=80 (full 3):
 PSYoungGen      total 14848K, used 14432K [0x00000000d5580000, 0x00000000d6900000, 0x0000000100000000)
  eden space 13824K, 100% used [0x00000000d5580000,0x00000000d6300000,0x00000000d6300000)
  from space 1024K, 59% used [0x00000000d6800000,0x00000000d6898000,0x00000000d6900000)
  to   space 1024K, 0% used [0x00000000d6700000,0x00000000d6700000,0x00000000d6800000)
 ParOldGen       total 98816K, used 98641K [0x0000000080000000, 0x0000000086080000, 0x00000000d5580000)
  object space 98816K, 99% used [0x0000000080000000,0x0000000086054620,0x0000000086080000)
 Metaspace       used 75683K, committed 77248K, reserved 1179648K
  class space    used 7998K, committed 8704K, reserved 1048576K
}
Event: 2044.504 GC heap after
{Heap after GC invocations=80 (full 3):
 PSYoungGen      total 14848K, used 1022K [0x00000000d5580000, 0x00000000d6e00000, 0x0000000100000000)
  eden space 13824K, 0% used [0x00000000d5580000,0x00000000d5580000,0x00000000d6300000)
  from space 1024K, 99% used [0x00000000d6700000,0x00000000d67ffa48,0x00000000d6800000)
  to   space 5632K, 0% used [0x00000000d6880000,0x00000000d6880000,0x00000000d6e00000)
 ParOldGen       total 102400K, used 102104K [0x0000000080000000, 0x0000000086400000, 0x00000000d5580000)
  object space 102400K, 99% used [0x0000000080000000,0x00000000863b6068,0x0000000086400000)
 Metaspace       used 75683K, committed 77248K, reserved 1179648K
  class space    used 7998K, committed 8704K, reserved 1048576K
}
Event: 2044.689 GC heap before
{Heap before GC invocations=81 (full 3):
 PSYoungGen      total 14848K, used 14846K [0x00000000d5580000, 0x00000000d6e00000, 0x0000000100000000)
  eden space 13824K, 100% used [0x00000000d5580000,0x00000000d6300000,0x00000000d6300000)
  from space 1024K, 99% used [0x00000000d6700000,0x00000000d67ffa48,0x00000000d6800000)
  to   space 5632K, 0% used [0x00000000d6880000,0x00000000d6880000,0x00000000d6e00000)
 ParOldGen       total 102400K, used 102104K [0x0000000080000000, 0x0000000086400000, 0x00000000d5580000)
  object space 102400K, 99% used [0x0000000080000000,0x00000000863b6068,0x0000000086400000)
 Metaspace       used 75727K, committed 77312K, reserved 1179648K
  class space    used 8001K, committed 8704K, reserved 1048576K
}
Event: 2044.693 GC heap after
{Heap after GC invocations=81 (full 3):
 PSYoungGen      total 15360K, used 1296K [0x00000000d5580000, 0x00000000d6a00000, 0x0000000100000000)
  eden space 13824K, 0% used [0x00000000d5580000,0x00000000d5580000,0x00000000d6300000)
  from space 1536K, 84% used [0x00000000d6880000,0x00000000d69c4050,0x00000000d6a00000)
  to   space 2560K, 0% used [0x00000000d6500000,0x00000000d6500000,0x00000000d6780000)
 ParOldGen       total 102400K, used 102245K [0x0000000080000000, 0x0000000086400000, 0x00000000d5580000)
  object space 102400K, 99% used [0x0000000080000000,0x00000000863d9710,0x0000000086400000)
 Metaspace       used 75727K, committed 77312K, reserved 1179648K
  class space    used 8001K, committed 8704K, reserved 1048576K
}
Event: 2051.794 GC heap before
{Heap before GC invocations=82 (full 3):
 PSYoungGen      total 15360K, used 15120K [0x00000000d5580000, 0x00000000d6a00000, 0x0000000100000000)
  eden space 13824K, 100% used [0x00000000d5580000,0x00000000d6300000,0x00000000d6300000)
  from space 1536K, 84% used [0x00000000d6880000,0x00000000d69c4050,0x00000000d6a00000)
  to   space 2560K, 0% used [0x00000000d6500000,0x00000000d6500000,0x00000000d6780000)
 ParOldGen       total 102400K, used 102245K [0x0000000080000000, 0x0000000086400000, 0x00000000d5580000)
  object space 102400K, 99% used [0x0000000080000000,0x00000000863d9710,0x0000000086400000)
 Metaspace       used 75821K, committed 77376K, reserved 1179648K
  class space    used 8010K, committed 8704K, reserved 1048576K
}
Event: 2051.797 GC heap after
{Heap after GC invocations=82 (full 3):
 PSYoungGen      total 16384K, used 2548K [0x00000000d5580000, 0x00000000d6d00000, 0x0000000100000000)
  eden space 13824K, 0% used [0x00000000d5580000,0x00000000d5580000,0x00000000d6300000)
  from space 2560K, 99% used [0x00000000d6500000,0x00000000d677d110,0x00000000d6780000)
  to   space 5120K, 0% used [0x00000000d6800000,0x00000000d6800000,0x00000000d6d00000)
 ParOldGen       total 103936K, used 103837K [0x0000000080000000, 0x0000000086580000, 0x00000000d5580000)
  object space 103936K, 99% used [0x0000000080000000,0x0000000086567760,0x0000000086580000)
 Metaspace       used 75821K, committed 77376K, reserved 1179648K
  class space    used 8010K, committed 8704K, reserved 1048576K
}
Event: 2061.635 GC heap before
{Heap before GC invocations=83 (full 3):
 PSYoungGen      total 16384K, used 16372K [0x00000000d5580000, 0x00000000d6d00000, 0x0000000100000000)
  eden space 13824K, 100% used [0x00000000d5580000,0x00000000d6300000,0x00000000d6300000)
  from space 2560K, 99% used [0x00000000d6500000,0x00000000d677d110,0x00000000d6780000)
  to   space 5120K, 0% used [0x00000000d6800000,0x00000000d6800000,0x00000000d6d00000)
 ParOldGen       total 103936K, used 103837K [0x0000000080000000, 0x0000000086580000, 0x00000000d5580000)
  object space 103936K, 99% used [0x0000000080000000,0x0000000086567760,0x0000000086580000)
 Metaspace       used 75876K, committed 77440K, reserved 1179648K
  class space    used 8010K, committed 8704K, reserved 1048576K
}
Event: 2061.641 GC heap after
{Heap after GC invocations=83 (full 3):
 PSYoungGen      total 18944K, used 4733K [0x00000000d5580000, 0x00000000d6d00000, 0x0000000100000000)
  eden space 13824K, 0% used [0x00000000d5580000,0x00000000d5580000,0x00000000d6300000)
  from space 5120K, 92% used [0x00000000d6800000,0x00000000d6c9f4d0,0x00000000d6d00000)
  to   space 5120K, 0% used [0x00000000d6300000,0x00000000d6300000,0x00000000d6800000)
 ParOldGen       total 106496K, used 106418K [0x0000000080000000, 0x0000000086800000, 0x00000000d5580000)
  object space 106496K, 99% used [0x0000000080000000,0x00000000867ec870,0x0000000086800000)
 Metaspace       used 75876K, committed 77440K, reserved 1179648K
  class space    used 8010K, committed 8704K, reserved 1048576K
}
Event: 2061.971 GC heap before
{Heap before GC invocations=84 (full 3):
 PSYoungGen      total 18944K, used 18557K [0x00000000d5580000, 0x00000000d6d00000, 0x0000000100000000)
  eden space 13824K, 100% used [0x00000000d5580000,0x00000000d6300000,0x00000000d6300000)
  from space 5120K, 92% used [0x00000000d6800000,0x00000000d6c9f4d0,0x00000000d6d00000)
  to   space 5120K, 0% used [0x00000000d6300000,0x00000000d6300000,0x00000000d6800000)
 ParOldGen       total 106496K, used 106418K [0x0000000080000000, 0x0000000086800000, 0x00000000d5580000)
  object space 106496K, 99% used [0x0000000080000000,0x00000000867ec870,0x0000000086800000)
 Metaspace       used 75885K, committed 77440K, reserved 1179648K
  class space    used 8010K, committed 8704K, reserved 1048576K
}
Event: 2061.974 GC heap after
{Heap after GC invocations=84 (full 3):
 PSYoungGen      total 14848K, used 768K [0x00000000d5580000, 0x00000000d6880000, 0x0000000100000000)
  eden space 13824K, 0% used [0x00000000d5580000,0x00000000d5580000,0x00000000d6300000)
  from space 1024K, 75% used [0x00000000d6300000,0x00000000d63c0000,0x00000000d6400000)
  to   space 2560K, 0% used [0x00000000d6600000,0x00000000d6600000,0x00000000d6880000)
 ParOldGen       total 107008K, used 106626K [0x0000000080000000, 0x0000000086880000, 0x00000000d5580000)
  object space 107008K, 99% used [0x0000000080000000,0x0000000086820890,0x0000000086880000)
 Metaspace       used 75885K, committed 77440K, reserved 1179648K
  class space    used 8010K, committed 8704K, reserved 1048576K
}
Event: 2070.371 GC heap before
{Heap before GC invocations=85 (full 3):
 PSYoungGen      total 14848K, used 14592K [0x00000000d5580000, 0x00000000d6880000, 0x0000000100000000)
  eden space 13824K, 100% used [0x00000000d5580000,0x00000000d6300000,0x00000000d6300000)
  from space 1024K, 75% used [0x00000000d6300000,0x00000000d63c0000,0x00000000d6400000)
  to   space 2560K, 0% used [0x00000000d6600000,0x00000000d6600000,0x00000000d6880000)
 ParOldGen       total 107008K, used 106626K [0x0000000080000000, 0x0000000086880000, 0x00000000d5580000)
  object space 107008K, 99% used [0x0000000080000000,0x0000000086820890,0x0000000086880000)
 Metaspace       used 75898K, committed 77440K, reserved 1179648K
  class space    used 8010K, committed 8704K, reserved 1048576K
}
Event: 2070.374 GC heap after
{Heap after GC invocations=85 (full 3):
 PSYoungGen      total 14848K, used 2531K [0x00000000d5580000, 0x00000000d6c00000, 0x0000000100000000)
  eden space 12288K, 0% used [0x00000000d5580000,0x00000000d5580000,0x00000000d6180000)
  from space 2560K, 98% used [0x00000000d6600000,0x00000000d6878db8,0x00000000d6880000)
  to   space 4608K, 0% used [0x00000000d6180000,0x00000000d6180000,0x00000000d6600000)
 ParOldGen       total 108032K, used 108002K [0x0000000080000000, 0x0000000086980000, 0x00000000d5580000)
  object space 108032K, 99% used [0x0000000080000000,0x0000000086978890,0x0000000086980000)
 Metaspace       used 75898K, committed 77440K, reserved 1179648K
  class space    used 8010K, committed 8704K, reserved 1048576K
}

